2024-07-03 09:29:26 [restartedMain] [34mINFO [0;39m - [36morg.springframework.boot.StartupInfoLogger.logStarting(51)[0;39m - Starting MentorMateApplication using Java 21.0.3 with PID 21608 (D:\AWS-Projects\mentormate\target\classes started by Bhavana.D in D:\AWS-Projects\mentormate)
2024-07-03 09:29:26 [restartedMain] [39mDEBUG[0;39m - [36morg.springframework.boot.StartupInfoLogger.logStarting(52)[0;39m - Running with Spring Boot v3.1.6, Spring v6.0.14
2024-07-03 09:29:26 [restartedMain] [34mINFO [0;39m - [36morg.springframework.boot.SpringApplication.logStartupProfileInfo(638)[0;39m - No active profile set, falling back to 1 default profile: "default"
2024-07-03 09:29:36 [restartedMain] [34mINFO [0;39m - [36morg.springframework.boot.StartupInfoLogger.logStarted(57)[0;39m - Started MentorMateApplication in 11.231 seconds (process running for 12.584)
2024-07-03 09:31:06 [http-nio-8080-exec-1] [34mINFO [0;39m - [36mcom.mentormate.mentormate.controllers.RegistrationController.registerUser(84)[0;39m - Registering user
2024-07-03 10:04:15 [restartedMain] [34mINFO [0;39m - [36morg.springframework.boot.StartupInfoLogger.logStarting(51)[0;39m - Starting MentorMateApplication using Java 21.0.3 with PID 23736 (D:\AWS-Projects\mentormate\target\classes started by Bhavana.D in D:\AWS-Projects\mentormate)
2024-07-03 10:04:15 [restartedMain] [39mDEBUG[0;39m - [36morg.springframework.boot.StartupInfoLogger.logStarting(52)[0;39m - Running with Spring Boot v3.1.6, Spring v6.0.14
2024-07-03 10:04:15 [restartedMain] [34mINFO [0;39m - [36morg.springframework.boot.SpringApplication.logStartupProfileInfo(638)[0;39m - No active profile set, falling back to 1 default profile: "default"
2024-07-03 10:04:23 [restartedMain] [34mINFO [0;39m - [36morg.springframework.boot.StartupInfoLogger.logStarted(57)[0;39m - Started MentorMateApplication in 8.835 seconds (process running for 9.708)
2024-07-03 10:05:01 [http-nio-8080-exec-1] [34mINFO [0;39m - [36mcom.mentormate.mentormate.controllers.RegistrationController.registerUser(84)[0;39m - Registering user
2024-07-03 12:36:05 [restartedMain] [34mINFO [0;39m - [36morg.springframework.boot.StartupInfoLogger.logStarting(51)[0;39m - Starting MentorMateApplication using Java 21.0.3 with PID 20508 (D:\AWS-Projects\mentormate\target\classes started by Bhavana.D in D:\AWS-Projects\mentormate)
2024-07-03 12:36:05 [restartedMain] [39mDEBUG[0;39m - [36morg.springframework.boot.StartupInfoLogger.logStarting(52)[0;39m - Running with Spring Boot v3.1.6, Spring v6.0.14
2024-07-03 12:36:05 [restartedMain] [34mINFO [0;39m - [36morg.springframework.boot.SpringApplication.logStartupProfileInfo(638)[0;39m - No active profile set, falling back to 1 default profile: "default"
2024-07-03 12:41:24 [restartedMain] [34mINFO [0;39m - [36morg.springframework.boot.StartupInfoLogger.logStarting(51)[0;39m - Starting MentorMateApplication using Java 21.0.3 with PID 15696 (D:\AWS-Projects\mentormate\target\classes started by Bhavana.D in D:\AWS-Projects\mentormate)
2024-07-03 12:41:24 [restartedMain] [39mDEBUG[0;39m - [36morg.springframework.boot.StartupInfoLogger.logStarting(52)[0;39m - Running with Spring Boot v3.1.6, Spring v6.0.14
2024-07-03 12:41:24 [restartedMain] [34mINFO [0;39m - [36morg.springframework.boot.SpringApplication.logStartupProfileInfo(638)[0;39m - No active profile set, falling back to 1 default profile: "default"
2024-07-03 12:43:19 [restartedMain] [34mINFO [0;39m - [36morg.springframework.boot.StartupInfoLogger.logStarting(51)[0;39m - Starting MentorMateApplication using Java 21.0.3 with PID 22128 (D:\AWS-Projects\mentormate\target\classes started by Bhavana.D in D:\AWS-Projects\mentormate)
2024-07-03 12:43:19 [restartedMain] [39mDEBUG[0;39m - [36morg.springframework.boot.StartupInfoLogger.logStarting(52)[0;39m - Running with Spring Boot v3.1.6, Spring v6.0.14
2024-07-03 12:43:19 [restartedMain] [34mINFO [0;39m - [36morg.springframework.boot.SpringApplication.logStartupProfileInfo(638)[0;39m - No active profile set, falling back to 1 default profile: "default"
2024-07-03 12:46:13 [restartedMain] [34mINFO [0;39m - [36morg.springframework.boot.StartupInfoLogger.logStarting(51)[0;39m - Starting MentorMateApplication using Java 21.0.3 with PID 6336 (D:\AWS-Projects\mentormate\target\classes started by Bhavana.D in D:\AWS-Projects\mentormate)
2024-07-03 12:46:13 [restartedMain] [39mDEBUG[0;39m - [36morg.springframework.boot.StartupInfoLogger.logStarting(52)[0;39m - Running with Spring Boot v3.1.6, Spring v6.0.14
2024-07-03 12:46:13 [restartedMain] [34mINFO [0;39m - [36morg.springframework.boot.SpringApplication.logStartupProfileInfo(638)[0;39m - No active profile set, falling back to 1 default profile: "default"
2024-07-03 12:48:46 [restartedMain] [34mINFO [0;39m - [36morg.springframework.boot.StartupInfoLogger.logStarting(51)[0;39m - Starting MentorMateApplication using Java 21.0.3 with PID 27060 (D:\AWS-Projects\mentormate\target\classes started by Bhavana.D in D:\AWS-Projects\mentormate)
2024-07-03 12:48:46 [restartedMain] [39mDEBUG[0;39m - [36morg.springframework.boot.StartupInfoLogger.logStarting(52)[0;39m - Running with Spring Boot v3.1.6, Spring v6.0.14
2024-07-03 12:48:46 [restartedMain] [34mINFO [0;39m - [36morg.springframework.boot.SpringApplication.logStartupProfileInfo(638)[0;39m - No active profile set, falling back to 1 default profile: "default"
2024-07-03 12:48:52 [restartedMain] [34mINFO [0;39m - [36morg.springframework.boot.StartupInfoLogger.logStarted(57)[0;39m - Started MentorMateApplication in 7.243 seconds (process running for 7.996)
2024-07-03 12:50:14 [restartedMain] [34mINFO [0;39m - [36morg.springframework.boot.StartupInfoLogger.logStarting(51)[0;39m - Starting MentorMateApplication using Java 21.0.3 with PID 27060 (D:\AWS-Projects\mentormate\target\classes started by Bhavana.D in D:\AWS-Projects\mentormate)
2024-07-03 12:50:14 [restartedMain] [39mDEBUG[0;39m - [36morg.springframework.boot.StartupInfoLogger.logStarting(52)[0;39m - Running with Spring Boot v3.1.6, Spring v6.0.14
2024-07-03 12:50:14 [restartedMain] [34mINFO [0;39m - [36morg.springframework.boot.SpringApplication.logStartupProfileInfo(638)[0;39m - No active profile set, falling back to 1 default profile: "default"
2024-07-03 12:50:22 [restartedMain] [34mINFO [0;39m - [36morg.springframework.boot.StartupInfoLogger.logStarting(51)[0;39m - Starting MentorMateApplication using Java 21.0.3 with PID 27060 (D:\AWS-Projects\mentormate\target\classes started by Bhavana.D in D:\AWS-Projects\mentormate)
2024-07-03 12:50:22 [restartedMain] [39mDEBUG[0;39m - [36morg.springframework.boot.StartupInfoLogger.logStarting(52)[0;39m - Running with Spring Boot v3.1.6, Spring v6.0.14
2024-07-03 12:50:22 [restartedMain] [34mINFO [0;39m - [36morg.springframework.boot.SpringApplication.logStartupProfileInfo(638)[0;39m - No active profile set, falling back to 1 default profile: "default"
2024-07-03 12:50:24 [restartedMain] [34mINFO [0;39m - [36morg.springframework.boot.StartupInfoLogger.logStarted(57)[0;39m - Started MentorMateApplication in 2.395 seconds (process running for 100.185)
2024-07-03 12:51:11 [restartedMain] [34mINFO [0;39m - [36morg.springframework.boot.StartupInfoLogger.logStarting(51)[0;39m - Starting MentorMateApplication using Java 21.0.3 with PID 27712 (D:\AWS-Projects\mentormate\target\classes started by Bhavana.D in D:\AWS-Projects\mentormate)
2024-07-03 12:51:11 [restartedMain] [39mDEBUG[0;39m - [36morg.springframework.boot.StartupInfoLogger.logStarting(52)[0;39m - Running with Spring Boot v3.1.6, Spring v6.0.14
2024-07-03 12:51:11 [restartedMain] [34mINFO [0;39m - [36morg.springframework.boot.SpringApplication.logStartupProfileInfo(638)[0;39m - No active profile set, falling back to 1 default profile: "default"
2024-07-03 12:51:18 [restartedMain] [34mINFO [0;39m - [36morg.springframework.boot.StartupInfoLogger.logStarted(57)[0;39m - Started MentorMateApplication in 7.315 seconds (process running for 7.997)
2024-07-03 13:59:48 [restartedMain] [34mINFO [0;39m - [36morg.springframework.boot.StartupInfoLogger.logStarting(51)[0;39m - Starting MentorMateApplication using Java 21.0.3 with PID 5036 (D:\AWS-Projects\mentormate\target\classes started by Bhavana.D in D:\AWS-Projects\mentormate)
2024-07-03 13:59:48 [restartedMain] [39mDEBUG[0;39m - [36morg.springframework.boot.StartupInfoLogger.logStarting(52)[0;39m - Running with Spring Boot v3.1.6, Spring v6.0.14
2024-07-03 13:59:48 [restartedMain] [34mINFO [0;39m - [36morg.springframework.boot.SpringApplication.logStartupProfileInfo(638)[0;39m - No active profile set, falling back to 1 default profile: "default"
2024-07-03 13:59:56 [restartedMain] [34mINFO [0;39m - [36morg.springframework.boot.StartupInfoLogger.logStarted(57)[0;39m - Started MentorMateApplication in 8.784 seconds (process running for 9.894)
2024-07-03 14:28:33 [restartedMain] [34mINFO [0;39m - [36morg.springframework.boot.StartupInfoLogger.logStarting(51)[0;39m - Starting MentorMateApplication using Java 21.0.3 with PID 10484 (D:\AWS-Projects\mentormate\target\classes started by Bhavana.D in D:\AWS-Projects\mentormate)
2024-07-03 14:28:33 [restartedMain] [39mDEBUG[0;39m - [36morg.springframework.boot.StartupInfoLogger.logStarting(52)[0;39m - Running with Spring Boot v3.1.6, Spring v6.0.14
2024-07-03 14:28:33 [restartedMain] [34mINFO [0;39m - [36morg.springframework.boot.SpringApplication.logStartupProfileInfo(638)[0;39m - No active profile set, falling back to 1 default profile: "default"
2024-07-03 14:28:43 [restartedMain] [34mINFO [0;39m - [36morg.springframework.boot.StartupInfoLogger.logStarted(57)[0;39m - Started MentorMateApplication in 10.803 seconds (process running for 11.678)
